<?xml version='1.0'?>
<ns2:test-suite xmlns:ns2='urn:model.allure.qatools.yandex.ru' start='1644552532008' stop='1644552542066'>
    <name>Entry Ad Tests</name>
    <title>Entry Ad Tests</title>
    <test-cases>
        <test-case start='1644552532203' status='passed' stop='1644552536646'>
            <name>should display the popup on the first pageload</name>
            <title>should display the popup on the first pageload</title>
            <labels>
                <label name='language' value='javascript'/>
                <label name='framework' value='wdio'/>
                <label name='thread' value='0-3'/>
                <label name='language' value='javascript'/>
                <label name='framework' value='wdio'/>
                <label name='thread' value='0-3'/>
            </labels>
            <parameters>
                <parameter kind='argument' name='browser' value='chrome-98.0.4758.80'/>
                <parameter kind='argument' name='browser' value='chrome-98.0.4758.80'/>
                <parameter kind='argument' name='browserVersion' value='98.0.4758.80'/>
            </parameters>
            <steps/>
            <attachments/>
        </test-case>
        <test-case start='1644552536654' status='failed' stop='1644552542052'>
            <name>should not display the popup on subsequent pageloads</name>
            <title>should not display the popup on subsequent pageloads</title>
            <labels>
                <label name='language' value='javascript'/>
                <label name='framework' value='wdio'/>
                <label name='thread' value='0-3'/>
                <label name='language' value='javascript'/>
                <label name='framework' value='wdio'/>
                <label name='thread' value='0-3'/>
            </labels>
            <parameters>
                <parameter kind='argument' name='browser' value='chrome-98.0.4758.80'/>
                <parameter kind='argument' name='browser' value='chrome-98.0.4758.80'/>
                <parameter kind='argument' name='browserVersion' value='98.0.4758.80'/>
            </parameters>
            <steps/>
            <attachments>
                <attachment title='Execution video' source='4e28042a-57e3-401d-8112-80278e6146db-attachment.mp4' type='video/mp4' size='149'/>
            </attachments>
            <failure>
                <message>expected true to be false      
                      actual expected
                      
                      truefalse
                      </message>
                <stack-trace>AssertionError: expected true to be false
                    at Context.&lt;anonymous> (/Users/james/Dev/wdio-async-demo/test-async/specs/entry.ad.e2e.js:42:58)
                    at processTicksAndRejections (internal/process/task_queues.js:95:5)</stack-trace>
            </failure>
        </test-case>
    </test-cases>
</ns2:test-suite>